1588766345863:add 1 2
1588766356599:clear
1588766365660:add 100 300
1588766370667:add w 9
1588845872491:add 2 3
1588845881621:quit
1588847135700:read-file C:\\Users\\thush\\chandrika-projects\\my-sample-project\\src\\test\\resources\\json\\tools.json
1588847162821:read-file "C:\\Users\\thush\\chandrika-projects\\my-sample-project\\src\\test\\resources\\json\\tools.json"
1588847298253:quit
1588847324512:read-file "C:\\Users\\thush\\chandrika-projects\\my-sample-project\\src\\test\\resources\\json\\tools.json"
1588848102440:quit
1588848136236:read-file "C:\\Users\\thush\\chandrika-projects\\my-sample-project\\src\\test\\resources\\json\\tools.json"
1588848209634:read-file "C:\\\\Users\\\\thush\\\\chandrika-projects\\\\my-sample-project\\\\src\\\\test\\\\resources\\\\json\\\\tools.json"
1588848315753:read-file C:\\\\Users\\\\thush\\\\chandrika-projects\\\\my-sample-project\\\\src\\\\test\\\\resources\\\\json\\\\tools.json
1588848456670:quit
1588848488716:read-file C:\\\\Users\\\\thush\\\\chandrika-projects\\\\my-sample-project\\\\src\\\\test\\\\resources\\\\json\\\\tools.json
1588848533741:read-file classpath:json/movies.json
1588848575850:read-file C:\\Users\\thush\\chandrika-projects\\my-sample-project\\src\\test\\resources\\json\\tools.json
1588848622299:read-file C:/Users/thush/chandrika-projects/my-sample-project/src/test/resources/json/tools.json
1588849190669:quit
1588849214995:read-file C:/Users/thush/chandrika-projects/my-sample-project/src/test/resources/json/tools.json
1588849221521:quit
1588849291721:read-file C:/Users/thush/chandrika-projects/my-sample-project/src/test/resources/json/tools.json
1588849403003:quit
1588849910291:list-json-paths C:/Users/thush/chandrika-projects/my-sample-project/src/test/resources/json/tools.json
1588850497079:quit
1588850523545:list-json-paths C:/Users/thush/chandrika-projects/my-sample-project/src/test/resources/json/tools.json
1588851432882:quit
1588851467008:list-json-paths C:/Users/thush/chandrika-projects/my-sample-project/src/test/resources/json/tools.json
1588851481027:list-min-json-paths C:/Users/thush/chandrika-projects/my-sample-project/src/test/resources/json/tools.json
1588851514002:quit
1588851554962:list-json-paths C:/Users/thush/chandrika-projects/my-sample-project/src/test/resources/json/tools.json
1588851558982:list-min-json-paths C:/Users/thush/chandrika-projects/my-sample-project/src/test/resources/json/tools.json
1588851576580:quit
